  1.cpp
c:\users\мсай\source\repos\complex_fractals\complex_fractals\1.cpp(103): warning C4244: аргумент: преобразование "int" в "T", возможна потеря данных
          with
          [
              T=float
          ]
c:\users\мсай\source\repos\complex_fractals\complex_fractals\1.cpp(108): warning C4244: аргумент: преобразование "double" в "int", возможна потеря данных
c:\users\мсай\source\repos\complex_fractals\complex_fractals\1.cpp(158): warning C4244: аргумент: преобразование "T" в "int", возможна потеря данных
          with
          [
              T=float
          ]
c:\users\мсай\source\repos\complex_fractals\complex_fractals\1.cpp(159): warning C4244: аргумент: преобразование "T" в "int", возможна потеря данных
          with
          [
              T=float
          ]
c:\users\мсай\source\repos\complex_fractals\complex_fractals\1.cpp(160): warning C4244: аргумент: преобразование "T" в "int", возможна потеря данных
          with
          [
              T=float
          ]
c:\users\мсай\source\repos\complex_fractals\complex_fractals\1.cpp(161): warning C4244: аргумент: преобразование "T" в "int", возможна потеря данных
          with
          [
              T=float
          ]
c:\users\мсай\source\repos\complex_fractals\complex_fractals\1.cpp(169): warning C4244: аргумент: преобразование "double" в "int", возможна потеря данных
  Complex_Fractals.vcxproj -> C:\Users\МСАЙ\source\repos\Complex_Fractals\Debug\Complex_Fractals.exe
